<?xml version="1.0" encoding="UTF-8"?>
<!-- Generated by org.testng.reporters.JUnitReportReporter -->
<testsuite hostname="BasuAbbigeri" failures="0" tests="1" name="scripts.Testcase1" time="8.359" errors="0" timestamp="2022-12-27T13:54:36 IST" skipped="0">
  <testcase classname="scripts.Testcase1" name="tc1" time="8.359"/>
  <system-out/>
</testsuite> <!-- scripts.Testcase1 -->
